...........................2021年8月28日10时2分45秒.........................
SendData: aa ff 04 02 00 00 00 00 01 06 
ReceiveData: bb cc 04 00 00 00 00 00 00 00 
SendData: aa ff 3d ff 00 00 00 00 00 3b 
ReceiveData: bb cc 3d 00 00 00 00 08 00 00 
SendData: aa ff 78 00 00 ff ce 00 00 44 
ReceiveData: bb cc 78 00 00 00 00 00 00 00 
SendData: aa ff 78 00 00 ff ce 00 00 44 
ReceiveData: bb cc 78 00 00 00 00 00 00 00 
SendData: aa ff 78 00 00 ff ce 00 00 44 
ReceiveData: bb cc 78 00 00 00 00 00 00 00 
SendData: aa ff 78 00 00 fe 0c 00 00 81 
ReceiveData: bb cc 78 00 00 00 00 00 00 00 
SendData: aa ff 78 00 00 ff ce 00 00 44 
ReceiveData: bb cc 78 00 00 00 00 00 00 00 
SendData: aa ff 78 00 00 ff ce 00 00 44 
ReceiveData: bb cc 78 00 00 00 00 00 00 00 
SendData: aa ff 78 00 00 ff ce 00 00 44 
ReceiveData: bb cc 78 00 00 00 00 00 00 00 
SendData: aa ff 78 00 00 ff ce 00 00 44 
ReceiveData: bb cc 78 00 00 00 00 00 00 00 
SendData: aa ff 78 00 00 ff f6 00 00 6c 
ReceiveData: bb cc 78 00 00 00 00 00 00 00 
SendData: aa ff 78 00 00 ff f6 00 00 6c 
ReceiveData: bb cc 78 00 00 00 00 00 00 00 
SendData: aa ff 78 00 00 ff f6 00 00 6c 
ReceiveData: bb cc 78 00 00 00 00 00 00 00 
SendData: aa ff 78 00 00 ff f6 00 00 6c 
ReceiveData: bb cc 78 00 00 00 00 00 00 00 
SendData: aa ff 78 00 00 ff f6 00 00 6c 
ReceiveData: bb cc 78 00 00 00 00 00 00 00 
SendData: aa ff 78 00 00 ff ff 00 00 75 
ReceiveData: bb cc 78 00 00 00 00 00 00 00 
SendData: aa ff 78 00 00 ff ff 00 00 75 
ReceiveData: bb cc 78 00 00 00 00 00 00 00 
SendData: aa ff 78 00 00 ff ff 00 00 75 
ReceiveData: bb cc 78 00 00 00 00 00 00 00 
SendData: aa ff 78 00 00 ff ff 00 00 75 
ReceiveData: bb cc 78 00 00 00 00 00 00 00 
SendData: aa ff 78 00 00 ff ff 00 00 75 
ReceiveData: bb cc 78 00 00 00 00 00 00 00 
SendData: aa ff 78 00 00 ff ff 00 00 75 
ReceiveData: bb cc 78 00 00 00 00 00 00 00 
SendData: aa ff 78 00 00 ff ff 00 00 75 
ReceiveData: bb cc 78 00 00 00 00 00 00 00 
SendData: aa ff 78 00 00 ff ff 00 00 75 
ReceiveData: bb cc 78 00 00 00 00 00 00 00 
SendData: aa ff 78 00 00 ff ff 00 00 75 
ReceiveData: bb cc 78 00 00 00 00 00 00 00 
SendData: aa ff 78 00 00 ff ff 00 00 75 
ReceiveData: bb cc 78 00 00 00 00 00 00 00 
SendData: aa ff 78 00 00 ff ff 00 00 75 
ReceiveData: bb cc 78 00 00 00 00 00 00 00 
SendData: aa ff 78 00 00 ff ff 00 00 75 
ReceiveData: bb cc 78 00 00 00 00 00 00 00 
SendData: aa ff 78 00 00 ff ff 00 00 75 
ReceiveData: bb cc 78 00 00 00 00 00 00 00 
SendData: aa ff 78 00 00 ff ff 00 00 75 
ReceiveData: bb cc 78 00 00 00 00 00 00 00 
SendData: aa ff 78 00 00 ff ff 00 00 75 
ReceiveData: bb cc 78 00 00 00 00 00 00 00 
SendData: aa ff 78 00 00 ff ff 00 00 75 
ReceiveData: bb cc 78 00 00 00 00 00 00 00 
SendData: aa ff 78 00 00 ff ff 00 00 75 
ReceiveData: bb cc 78 00 00 00 00 00 00 00 
SendData: aa ff 78 00 00 ff ff 00 00 75 
ReceiveData: bb cc 78 00 00 00 00 00 00 00 
SendData: aa ff 78 00 00 ff ff 00 00 75 
ReceiveData: bb cc 78 00 00 00 00 00 00 00 
SendData: aa ff 78 00 00 ff ff 00 00 75 
ReceiveData: bb cc 78 00 00 00 00 00 00 00 
SendData: aa ff 78 00 00 ff ff 00 00 75 
ReceiveData: bb cc 78 00 00 00 00 00 00 00 
SendData: aa ff 78 00 00 ff ff 00 00 75 
ReceiveData: bb cc 78 00 00 00 00 00 00 00 
SendData: aa ff 78 00 00 ff ff 00 00 75 
ReceiveData: bb cc 78 00 00 00 00 00 00 00 
SendData: aa ff 78 00 00 ff ff 00 00 75 
ReceiveData: bb cc 78 00 00 00 00 00 00 00 
SendData: aa ff 78 00 00 ff ff 00 00 75 
ReceiveData: bb cc 78 00 00 00 00 00 00 00 
SendData: aa ff 78 00 00 ff ff 00 00 75 
ReceiveData: bb cc 78 00 00 00 00 00 00 00 
SendData: aa ff 78 00 00 ff ff 00 00 75 
ReceiveData: bb cc 78 00 00 00 00 00 00 00 
SendData: aa ff 78 00 00 ff ff 00 00 75 
ReceiveData: bb cc 78 00 00 00 00 00 00 00 
SendData: aa ff 78 00 00 ff ff 00 00 75 
ReceiveData: bb cc 78 00 00 00 00 00 00 00 
SendData: aa ff 78 00 00 ff ff 00 00 75 
ReceiveData: bb cc 78 00 00 00 00 00 00 00 
SendData: aa ff 78 00 00 ff ff 00 00 75 
ReceiveData: bb cc 78 00 00 00 00 00 00 00 
SendData: aa ff 78 00 00 ff ff 00 00 75 
ReceiveData: bb cc 78 00 00 00 00 00 00 00 
SendData: aa ff 78 00 00 ff ff 00 00 75 
ReceiveData: bb cc 78 00 00 00 00 00 00 00 
SendData: aa ff 78 00 00 ff ff 00 00 75 
ReceiveData: bb cc 78 00 00 00 00 00 00 00 
SendData: aa ff 78 00 00 ff ff 00 00 75 
ReceiveData: bb cc 78 00 00 00 00 00 00 00 
SendData: aa ff 78 00 00 ff ff 00 00 75 
ReceiveData: bb cc 78 00 00 00 00 00 00 00 
SendData: aa ff 78 00 00 ff ff 00 00 75 
ReceiveData: bb cc 78 00 00 00 00 00 00 00 
SendData: aa ff 78 00 00 ff ff 00 00 75 
ReceiveData: bb cc 78 00 00 00 00 00 00 00 
SendData: aa ff 78 00 00 ff ff 00 00 75 
ReceiveData: bb cc 78 00 00 00 00 00 00 00 
SendData: aa ff 78 00 00 ff ff 00 00 75 
ReceiveData: bb cc 78 00 00 00 00 00 00 00 
SendData: aa ff 78 00 00 ff ff 00 00 75 
ReceiveData: bb cc 78 00 00 00 00 00 00 00 
SendData: aa ff 78 00 00 ff ff 00 00 75 
ReceiveData: bb cc 78 00 00 00 00 00 00 00 
SendData: aa ff 78 00 00 ff ff 00 00 75 
ReceiveData: bb cc 78 00 00 00 00 00 00 00 
SendData: aa ff 78 00 00 ff ff 00 00 75 
ReceiveData: bb cc 78 00 00 00 00 00 00 00 
SendData: aa ff 78 00 00 ff ff 00 00 75 
ReceiveData: bb cc 78 00 00 00 00 00 00 00 
SendData: aa ff 78 00 00 ff ff 00 00 75 
ReceiveData: bb cc 78 00 00 00 00 00 00 00 
SendData: aa ff 78 00 00 ff ff 00 00 75 
ReceiveData: bb cc 78 00 00 00 00 00 00 00 
SendData: aa ff 78 00 00 ff ff 00 00 75 
ReceiveData: bb cc 78 00 00 00 00 00 00 00 
SendData: aa ff 78 00 00 ff ff 00 00 75 
ReceiveData: bb cc 78 00 00 00 00 00 00 00 
SendData: aa ff 78 00 00 ff ff 00 00 75 
SendData: aa ff 78 00 00 ff ff 00 00 75 
ReceiveData: bb cc 78 00 00 00 00 00 00 00 
SendData: aa ff 78 00 00 ff ff 00 00 75 
ReceiveData: bb cc 78 00 00 00 00 00 00 00 
SendData: aa ff 75 01 00 00 00 00 00 75 
ReceiveData: bb cc 75 00 00 00 00 00 00 00 
SendData: aa ff 75 01 00 00 00 00 00 75 
ReceiveData: bb cc 75 00 00 00 00 00 00 00 
SendData: aa ff 6b 01 00 42 48 00 00 f5 
ReceiveData: bb cc 6b 00 00 00 00 00 00 00 
SendData: aa ff 83 01 00 00 00 00 00 83 
ReceiveData: bb cc 83 00 00 42 48 00 00 00 
SendData: aa ff 66 00 00 00 19 00 00 7e 
ReceiveData: bb cc 66 00 00 00 00 00 00 00 
SendData: aa ff 66 00 00 00 50 00 00 b5 
ReceiveData: bb cc 66 00 00 00 00 00 00 00 
SendData: aa ff 66 00 00 00 fa 00 00 5f 
ReceiveData: bb cc 66 00 00 00 00 00 00 00 
SendData: aa ff 66 00 00 01 f4 00 00 5a 
ReceiveData: bb cc 66 00 00 00 00 00 00 00 
SendData: aa ff 66 00 00 03 e8 00 00 50 
ReceiveData: bb cc 66 00 00 00 00 00 00 00 
SendData: aa ff 66 00 00 05 dc 00 00 46 
ReceiveData: bb cc 66 00 00 00 00 00 00 00 
SendData: aa ff 66 00 00 07 9e 00 00 0a 
ReceiveData: bb cc 66 00 00 00 00 00 00 00 
SendData: aa ff 66 00 00 00 00 00 00 65 
ReceiveData: bb cc 66 00 00 00 00 00 00 00 
SendData: aa ff 66 00 00 00 19 00 00 7e 
ReceiveData: bb cc 66 00 00 00 00 00 00 00 
SendData: aa ff 66 00 00 00 50 00 00 b5 
ReceiveData: bb cc 66 00 00 00 00 00 00 00 
SendData: aa ff 66 00 00 00 fa 00 00 5f 
ReceiveData: bb cc 66 00 00 00 00 00 00 00 
SendData: aa ff 66 00 00 01 f4 00 00 5a 
ReceiveData: bb cc 66 00 00 00 00 00 00 00 
SendData: aa ff 66 00 00 03 e8 00 00 50 
ReceiveData: bb cc 66 00 00 00 00 00 00 00 
SendData: aa ff 66 00 00 05 dc 00 00 46 
ReceiveData: bb cc 66 00 00 00 00 00 00 00 
SendData: aa ff 66 00 00 07 9e 00 00 0a 
ReceiveData: bb cc 66 00 00 00 00 00 00 00 
SendData: aa ff 66 00 00 00 00 00 00 65 
ReceiveData: bb cc 66 00 00 00 00 00 00 00 
SendData: aa ff 6b 01 00 42 48 00 00 f5 
ReceiveData: bb cc 6b 00 00 00 00 00 00 00 
SendData: aa ff 83 01 00 00 00 00 00 83 
ReceiveData: bb cc 83 00 00 42 48 00 00 00 
SendData: aa ff 66 00 00 00 19 00 00 7e 
ReceiveData: bb cc 66 00 00 00 00 00 00 00 
SendData: aa ff 66 00 00 00 50 00 00 b5 
ReceiveData: bb cc 66 00 00 00 00 00 00 00 
SendData: aa ff 66 00 00 00 fa 00 00 5f 
ReceiveData: bb cc 66 00 00 00 00 00 00 00 
SendData: aa ff 66 00 00 01 f4 00 00 5a 
ReceiveData: bb cc 66 00 00 00 00 00 00 00 
SendData: aa ff 66 00 00 03 e8 00 00 50 
ReceiveData: bb cc 66 00 00 00 00 00 00 00 
SendData: aa ff 66 00 00 05 dc 00 00 46 
ReceiveData: bb cc 66 00 00 00 00 00 00 00 
SendData: aa ff 66 00 00 07 9e 00 00 0a 
ReceiveData: bb cc 66 00 00 00 00 00 00 00 
SendData: aa ff 66 00 00 00 00 00 00 65 
ReceiveData: bb cc 66 00 00 00 00 00 00 00 
SendData: aa ff 66 00 00 00 19 00 00 7e 
ReceiveData: bb cc 66 00 00 00 00 00 00 00 
SendData: aa ff 66 00 00 00 50 00 00 b5 
ReceiveData: bb cc 66 00 00 00 00 00 00 00 
SendData: aa ff 66 00 00 00 fa 00 00 5f 
ReceiveData: bb cc 66 00 00 00 00 00 00 00 
SendData: aa ff 66 00 00 01 f4 00 00 5a 
ReceiveData: bb cc 66 00 00 00 00 00 00 00 
SendData: aa ff 66 00 00 03 e8 00 00 50 
ReceiveData: bb cc 66 00 00 00 00 00 00 00 
SendData: aa ff 66 00 00 05 dc 00 00 46 
ReceiveData: bb cc 66 00 00 00 00 00 00 00 
SendData: aa ff 66 00 00 07 9e 00 00 0a 
ReceiveData: bb cc 66 00 00 00 00 00 00 00 
SendData: aa ff 6b 01 00 42 48 00 00 f5 
ReceiveData: bb cc 6b 00 00 00 00 00 00 00 
SendData: aa ff 83 01 00 00 00 00 00 83 
ReceiveData: bb cc 83 00 00 42 48 00 00 00 
SendData: aa ff 76 01 00 00 00 00 00 76 
ReceiveData: bb cc 76 00 00 44 f3 c0 00 00 
SendData: aa ff 66 00 00 00 00 00 00 65 
ReceiveData: bb cc 66 00 00 00 00 00 00 00 
SendData: aa ff 76 01 00 00 00 00 00 76 
ReceiveData: bb cc 76 00 00 00 00 00 00 00 
SendData: aa ff 66 00 00 00 05 00 00 6a 
ReceiveData: bb cc 66 00 00 00 00 00 00 00 
SendData: aa ff 76 01 00 00 00 00 00 76 
ReceiveData: bb cc 76 00 00 40 a0 00 00 00 
SendData: aa ff 66 00 00 00 0a 00 00 6f 
ReceiveData: bb cc 66 00 00 00 00 00 00 00 
SendData: aa ff 76 01 00 00 00 00 00 76 
ReceiveData: bb cc 76 00 00 41 20 00 00 00 
SendData: aa ff 66 00 00 00 0f 00 00 74 
ReceiveData: bb cc 66 00 00 00 00 00 00 00 
SendData: aa ff 76 01 00 00 00 00 00 76 
ReceiveData: bb cc 76 00 00 41 70 00 00 00 
SendData: aa ff 66 00 00 00 14 00 00 79 
ReceiveData: bb cc 66 00 00 00 00 00 00 00 
SendData: aa ff 76 01 00 00 00 00 00 76 
ReceiveData: bb cc 76 00 00 41 a0 00 00 00 
SendData: aa ff 66 00 00 00 19 00 00 7e 
ReceiveData: bb cc 66 00 00 00 00 00 00 00 
SendData: aa ff 76 01 00 00 00 00 00 76 
ReceiveData: bb cc 76 00 00 41 c8 00 00 00 
SendData: aa ff 66 00 00 00 1e 00 00 83 
ReceiveData: bb cc 66 00 00 00 00 00 00 00 
SendData: aa ff 76 01 00 00 00 00 00 76 
ReceiveData: bb cc 76 00 00 41 f0 00 00 00 
SendData: aa ff 66 00 00 00 23 00 00 88 
ReceiveData: bb cc 66 00 00 00 00 00 00 00 
SendData: aa ff 76 01 00 00 00 00 00 76 
ReceiveData: bb cc 76 00 00 42 0c 00 00 00 
SendData: aa ff 66 00 00 00 28 00 00 8d 
ReceiveData: bb cc 66 00 00 00 00 00 00 00 
SendData: aa ff 76 01 00 00 00 00 00 76 
ReceiveData: bb cc 76 00 00 42 20 00 00 00 
SendData: aa ff 66 00 00 00 2d 00 00 92 
ReceiveData: bb cc 66 00 00 00 00 00 00 00 
SendData: aa ff 76 01 00 00 00 00 00 76 
ReceiveData: bb cc 76 00 00 42 34 00 00 00 
SendData: aa ff 66 00 00 00 32 00 00 97 
ReceiveData: bb cc 66 00 00 00 00 00 00 00 
SendData: aa ff 76 01 00 00 00 00 00 76 
ReceiveData: bb cc 76 00 00 42 48 00 00 00 
SendData: aa ff 66 00 00 00 3c 00 00 a1 
ReceiveData: bb cc 66 00 00 00 00 00 00 00 
SendData: aa ff 76 01 00 00 00 00 00 76 
ReceiveData: bb cc 76 00 00 42 70 00 00 00 
SendData: aa ff 66 00 00 00 46 00 00 ab 
ReceiveData: bb cc 66 00 00 00 00 00 00 00 
SendData: aa ff 76 01 00 00 00 00 00 76 
ReceiveData: bb cc 76 00 00 42 8c 00 00 00 
SendData: aa ff 66 00 00 00 50 00 00 b5 
ReceiveData: bb cc 66 00 00 00 00 00 00 00 
SendData: aa ff 76 01 00 00 00 00 00 76 
ReceiveData: bb cc 76 00 00 42 a0 00 00 00 
SendData: aa ff 66 00 00 00 5a 00 00 bf 
ReceiveData: bb cc 66 00 00 00 00 00 00 00 
SendData: aa ff 76 01 00 00 00 00 00 76 
ReceiveData: bb cc 76 00 00 42 b4 00 00 00 
SendData: aa ff 66 00 00 00 64 00 00 c9 
ReceiveData: bb cc 66 00 00 00 00 00 00 00 
SendData: aa ff 76 01 00 00 00 00 00 76 
ReceiveData: bb cc 76 00 00 42 c8 00 00 00 
SendData: aa ff 66 00 00 00 96 00 00 fb 
ReceiveData: bb cc 66 00 00 00 00 00 00 00 
SendData: aa ff 76 01 00 00 00 00 00 76 
ReceiveData: bb cc 76 00 00 43 16 00 00 00 
SendData: aa ff 66 00 00 00 c8 00 00 2d 
ReceiveData: bb cc 66 00 00 00 00 00 00 00 
SendData: aa ff 76 01 00 00 00 00 00 76 
ReceiveData: bb cc 76 00 00 43 48 00 00 00 
SendData: aa ff 66 00 00 00 fa 00 00 5f 
ReceiveData: bb cc 66 00 00 00 00 00 00 00 
SendData: aa ff 76 01 00 00 00 00 00 76 
ReceiveData: bb cc 76 00 00 43 7a 00 00 00 
SendData: aa ff 66 00 00 01 2c 00 00 92 
ReceiveData: bb cc 66 00 00 00 00 00 00 00 
SendData: aa ff 76 01 00 00 00 00 00 76 
ReceiveData: bb cc 76 00 00 43 96 00 00 00 
SendData: aa ff 66 00 00 01 5e 00 00 c4 
ReceiveData: bb cc 66 00 00 00 00 00 00 00 
SendData: aa ff 76 01 00 00 00 00 00 76 
ReceiveData: bb cc 76 00 00 43 af 00 00 00 
SendData: aa ff 66 00 00 01 90 00 00 f6 
ReceiveData: bb cc 66 00 00 00 00 00 00 00 
SendData: aa ff 76 01 00 00 00 00 00 76 
ReceiveData: bb cc 76 00 00 43 c8 00 00 00 
SendData: aa ff 66 00 00 01 c2 00 00 28 
ReceiveData: bb cc 66 00 00 00 00 00 00 00 
SendData: aa ff 76 01 00 00 00 00 00 76 
ReceiveData: bb cc 76 00 00 43 e1 00 00 00 
SendData: aa ff 66 00 00 01 f4 00 00 5a 
ReceiveData: bb cc 66 00 00 00 00 00 00 00 
SendData: aa ff 76 01 00 00 00 00 00 76 
ReceiveData: bb cc 76 00 00 43 fa 00 00 00 
SendData: aa ff 66 00 00 02 26 00 00 8d 
ReceiveData: bb cc 66 00 00 00 00 00 00 00 
SendData: aa ff 76 01 00 00 00 00 00 76 
ReceiveData: bb cc 76 00 00 44 09 80 00 00 
SendData: aa ff 66 00 00 02 58 00 00 bf 
ReceiveData: bb cc 66 00 00 00 00 00 00 00 
SendData: aa ff 76 01 00 00 00 00 00 76 
ReceiveData: bb cc 76 00 00 44 16 00 00 00 
SendData: aa ff 66 00 00 02 8a 00 00 f1 
ReceiveData: bb cc 66 00 00 00 00 00 00 00 
SendData: aa ff 76 01 00 00 00 00 00 76 
ReceiveData: bb cc 76 00 00 44 22 80 00 00 
SendData: aa ff 66 00 00 02 bc 00 00 23 
ReceiveData: bb cc 66 00 00 00 00 00 00 00 
SendData: aa ff 76 01 00 00 00 00 00 76 
ReceiveData: bb cc 76 00 00 44 2f 00 00 00 
SendData: aa ff 66 00 00 02 ee 00 00 55 
ReceiveData: bb cc 66 00 00 00 00 00 00 00 
SendData: aa ff 76 01 00 00 00 00 00 76 
ReceiveData: bb cc 76 00 00 44 3b 80 00 00 
SendData: aa ff 66 00 00 03 20 00 00 88 
ReceiveData: bb cc 66 00 00 00 00 00 00 00 
SendData: aa ff 76 01 00 00 00 00 00 76 
ReceiveData: bb cc 76 00 00 44 48 00 00 00 
SendData: aa ff 66 00 00 03 52 00 00 ba 
ReceiveData: bb cc 66 00 00 00 00 00 00 00 
SendData: aa ff 76 01 00 00 00 00 00 76 
ReceiveData: bb cc 76 00 00 44 54 80 00 00 
SendData: aa ff 66 00 00 03 84 00 00 ec 
ReceiveData: bb cc 66 00 00 00 00 00 00 00 
SendData: aa ff 76 01 00 00 00 00 00 76 
ReceiveData: bb cc 76 00 00 44 61 00 00 00 
SendData: aa ff 66 00 00 03 b6 00 00 1e 
ReceiveData: bb cc 66 00 00 00 00 00 00 00 
SendData: aa ff 76 01 00 00 00 00 00 76 
ReceiveData: bb cc 76 00 00 44 6d 80 00 00 
SendData: aa ff 66 00 00 03 e8 00 00 50 
ReceiveData: bb cc 66 00 00 00 00 00 00 00 
SendData: aa ff 76 01 00 00 00 00 00 76 
ReceiveData: bb cc 76 00 00 44 7a 00 00 00 
SendData: aa ff 66 00 00 04 1a 00 00 83 
ReceiveData: bb cc 66 00 00 00 00 00 00 00 
SendData: aa ff 76 01 00 00 00 00 00 76 
ReceiveData: bb cc 76 00 00 44 83 40 00 00 
SendData: aa ff 66 00 00 04 4c 00 00 b5 
ReceiveData: bb cc 66 00 00 00 00 00 00 00 
SendData: aa ff 76 01 00 00 00 00 00 76 
ReceiveData: bb cc 76 00 00 44 89 80 00 00 
SendData: aa ff 66 00 00 04 7e 00 00 e7 
ReceiveData: bb cc 66 00 00 00 00 00 00 00 
SendData: aa ff 76 01 00 00 00 00 00 76 
ReceiveData: bb cc 76 00 00 44 8f c0 00 00 
SendData: aa ff 66 00 00 04 b0 00 00 19 
ReceiveData: bb cc 66 00 00 00 00 00 00 00 
SendData: aa ff 76 01 00 00 00 00 00 76 
ReceiveData: bb cc 76 00 00 44 96 00 00 00 
SendData: aa ff 66 00 00 04 e2 00 00 4b 
SendData: aa ff 76 01 00 00 00 00 00 76 
ReceiveData: bb cc 76 00 00 44 96 00 00 00 
SendData: aa ff 66 00 00 05 14 00 00 7e 
ReceiveData: bb cc 66 00 00 00 00 00 00 00 
SendData: aa ff 76 01 00 00 00 00 00 76 
ReceiveData: bb cc 76 00 00 44 a2 80 00 00 
SendData: aa ff 66 00 00 05 46 00 00 b0 
ReceiveData: bb cc 66 00 00 00 00 00 00 00 
SendData: aa ff 76 01 00 00 00 00 00 76 
ReceiveData: bb cc 76 00 00 44 a8 c0 00 00 
SendData: aa ff 66 00 00 05 78 00 00 e2 
ReceiveData: bb cc 66 00 00 00 00 00 00 00 
SendData: aa ff 76 01 00 00 00 00 00 76 
ReceiveData: bb cc 76 00 00 44 af 00 00 00 
SendData: aa ff 66 00 00 05 aa 00 00 14 
ReceiveData: bb cc 66 00 00 00 00 00 00 00 
SendData: aa ff 76 01 00 00 00 00 00 76 
ReceiveData: bb cc 76 00 00 44 b5 